# JRE version: Java(TM) SE Runtime Environment (7.0_79-b15) (build 1.7.0_79-b15)
# Java VM: Java HotSpot(TM) 64-Bit Server VM (24.79-b02 mixed mode bsd-amd64 compressed oops)
Heap
 PSYoungGen      total 313856K, used 217028K [0x00000007eaa80000, 0x00000007ff180000, 0x0000000800000000)
  eden space 293888K, 70% used [0x00000007eaa80000,0x00000007f758af90,0x00000007fc980000)
  from space 19968K, 45% used [0x00000007fc980000,0x00000007fd2660e8,0x00000007fdd00000)
  to   space 18944K, 0% used [0x00000007fdf00000,0x00000007fdf00000,0x00000007ff180000)
 ParOldGen       total 291328K, used 109993K [0x00000007c0000000, 0x00000007d1c80000, 0x00000007eaa80000)
  object space 291328K, 37% used [0x00000007c0000000,0x00000007c6b6a768,0x00000007d1c80000)
 PSPermGen       total 92672K, used 90352K [0x00000007b0000000, 0x00000007b5a80000, 0x00000007c0000000)
  object space 92672K, 97% used [0x00000007b0000000,0x00000007b583c128,0x00000007b5a80000)
GC Heap History (10 events):
Event: 8213.046 GC heap before
{Heap before GC invocations=155 (full 32):
 PSYoungGen      total 313344K, used 145607K [0x00000007eaa80000, 0x00000007ff100000, 0x0000000800000000)
  eden space 292864K, 46% used [0x00000007eaa80000,0x00000007f3029158,0x00000007fc880000)
  from space 20480K, 42% used [0x00000007fdc00000,0x00000007fe488d70,0x00000007ff000000)
  to   space 19968K, 0% used [0x00000007fc880000,0x00000007fc880000,0x00000007fdc00000)
 ParOldGen       total 291328K, used 121658K [0x00000007c0000000, 0x00000007d1c80000, 0x00000007eaa80000)
  object space 291328K, 41% used [0x00000007c0000000,0x00000007c76cebc8,0x00000007d1c80000)
 PSPermGen       total 94208K, used 91414K [0x00000007b0000000, 0x00000007b5c00000, 0x00000007c0000000)
  object space 94208K, 97% used [0x00000007b0000000,0x00000007b5945bf0,0x00000007b5c00000)
Event: 8213.104 GC heap after
Heap after GC invocations=155 (full 32):
 PSYoungGen      total 312832K, used 12054K [0x00000007eaa80000, 0x00000007ff000000, 0x0000000800000000)
  eden space 292864K, 0% used [0x00000007eaa80000,0x00000007eaa80000,0x00000007fc880000)
  from space 19968K, 60% used [0x00000007fc880000,0x00000007fd445a80,0x00000007fdc00000)
  to   space 19456K, 0% used [0x00000007fdd00000,0x00000007fdd00000,0x00000007ff000000)
 ParOldGen       total 291328K, used 121658K [0x00000007c0000000, 0x00000007d1c80000, 0x00000007eaa80000)
  object space 291328K, 41% used [0x00000007c0000000,0x00000007c76cebc8,0x00000007d1c80000)
 PSPermGen       total 94208K, used 91414K [0x00000007b0000000, 0x00000007b5c00000, 0x00000007c0000000)
  object space 94208K, 97% used [0x00000007b0000000,0x00000007b5945bf0,0x00000007b5c00000)
}
Event: 8213.104 GC heap before
{Heap before GC invocations=156 (full 33):
 PSYoungGen      total 312832K, used 12054K [0x00000007eaa80000, 0x00000007ff000000, 0x0000000800000000)
  eden space 292864K, 0% used [0x00000007eaa80000,0x00000007eaa80000,0x00000007fc880000)
  from space 19968K, 60% used [0x00000007fc880000,0x00000007fd445a80,0x00000007fdc00000)
  to   space 19456K, 0% used [0x00000007fdd00000,0x00000007fdd00000,0x00000007ff000000)
 ParOldGen       total 291328K, used 121658K [0x00000007c0000000, 0x00000007d1c80000, 0x00000007eaa80000)
  object space 291328K, 41% used [0x00000007c0000000,0x00000007c76cebc8,0x00000007d1c80000)
 PSPermGen       total 94208K, used 91414K [0x00000007b0000000, 0x00000007b5c00000, 0x00000007c0000000)
  object space 94208K, 97% used [0x00000007b0000000,0x00000007b5945bf0,0x00000007b5c00000)
Event: 8214.275 GC heap after
Heap after GC invocations=156 (full 33):
 PSYoungGen      total 312832K, used 0K [0x00000007eaa80000, 0x00000007ff000000, 0x0000000800000000)
  eden space 292864K, 0% used [0x00000007eaa80000,0x00000007eaa80000,0x00000007fc880000)
  from space 19968K, 0% used [0x00000007fc880000,0x00000007fc880000,0x00000007fdc00000)
  to   space 19456K, 0% used [0x00000007fdd00000,0x00000007fdd00000,0x00000007ff000000)
 ParOldGen       total 291328K, used 128765K [0x00000007c0000000, 0x00000007d1c80000, 0x00000007eaa80000)
  object space 291328K, 44% used [0x00000007c0000000,0x00000007c7dbf728,0x00000007d1c80000)
 PSPermGen       total 94208K, used 91009K [0x00000007b0000000, 0x00000007b5c00000, 0x00000007c0000000)
  object space 94208K, 96% used [0x00000007b0000000,0x00000007b58e0750,0x00000007b5c00000)
}
Event: 8605.341 GC heap before
{Heap before GC invocations=157 (full 33):
 PSYoungGen      total 312832K, used 142413K [0x00000007eaa80000, 0x00000007ff000000, 0x0000000800000000)
  eden space 292864K, 48% used [0x00000007eaa80000,0x00000007f3593428,0x00000007fc880000)
  from space 19968K, 0% used [0x00000007fc880000,0x00000007fc880000,0x00000007fdc00000)
  to   space 19456K, 0% used [0x00000007fdd00000,0x00000007fdd00000,0x00000007ff000000)
 ParOldGen       total 291328K, used 128765K [0x00000007c0000000, 0x00000007d1c80000, 0x00000007eaa80000)
  object space 291328K, 44% used [0x00000007c0000000,0x00000007c7dbf728,0x00000007d1c80000)
 PSPermGen       total 94208K, used 91177K [0x00000007b0000000, 0x00000007b5c00000, 0x00000007c0000000)
  object space 94208K, 96% used [0x00000007b0000000,0x00000007b590a630,0x00000007b5c00000)
Event: 8605.446 GC heap after
Heap after GC invocations=157 (full 33):
 PSYoungGen      total 313344K, used 1680K [0x00000007eaa80000, 0x00000007ff100000, 0x0000000800000000)
  eden space 293888K, 0% used [0x00000007eaa80000,0x00000007eaa80000,0x00000007fc980000)
  from space 19456K, 8% used [0x00000007fdd00000,0x00000007fdea4050,0x00000007ff000000)
  to   space 19968K, 0% used [0x00000007fc980000,0x00000007fc980000,0x00000007fdd00000)
 ParOldGen       total 291328K, used 128765K [0x00000007c0000000, 0x00000007d1c80000, 0x00000007eaa80000)
  object space 291328K, 44% used [0x00000007c0000000,0x00000007c7dbf728,0x00000007d1c80000)
 PSPermGen       total 94208K, used 91177K [0x00000007b0000000, 0x00000007b5c00000, 0x00000007c0000000)
  object space 94208K, 96% used [0x00000007b0000000,0x00000007b590a630,0x00000007b5c00000)
}
Event: 8605.446 GC heap before
{Heap before GC invocations=158 (full 34):
 PSYoungGen      total 313344K, used 1680K [0x00000007eaa80000, 0x00000007ff100000, 0x0000000800000000)
  eden space 293888K, 0% used [0x00000007eaa80000,0x00000007eaa80000,0x00000007fc980000)
  from space 19456K, 8% used [0x00000007fdd00000,0x00000007fdea4050,0x00000007ff000000)
  to   space 19968K, 0% used [0x00000007fc980000,0x00000007fc980000,0x00000007fdd00000)
 ParOldGen       total 291328K, used 128765K [0x00000007c0000000, 0x00000007d1c80000, 0x00000007eaa80000)
  object space 291328K, 44% used [0x00000007c0000000,0x00000007c7dbf728,0x00000007d1c80000)
 PSPermGen       total 94208K, used 91177K [0x00000007b0000000, 0x00000007b5c00000, 0x00000007c0000000)
  object space 94208K, 96% used [0x00000007b0000000,0x00000007b590a630,0x00000007b5c00000)
Event: 8606.897 GC heap after
Heap after GC invocations=158 (full 34):
 PSYoungGen      total 313344K, used 0K [0x00000007eaa80000, 0x00000007ff100000, 0x0000000800000000)
  eden space 293888K, 0% used [0x00000007eaa80000,0x00000007eaa80000,0x00000007fc980000)
  from space 19456K, 0% used [0x00000007fdd00000,0x00000007fdd00000,0x00000007ff000000)
  to   space 19968K, 0% used [0x00000007fc980000,0x00000007fc980000,0x00000007fdd00000)
 ParOldGen       total 291328K, used 109993K [0x00000007c0000000, 0x00000007d1c80000, 0x00000007eaa80000)
  object space 291328K, 37% used [0x00000007c0000000,0x00000007c6b6a768,0x00000007d1c80000)
 PSPermGen       total 92672K, used 89813K [0x00000007b0000000, 0x00000007b5a80000, 0x00000007c0000000)
  object space 92672K, 96% used [0x00000007b0000000,0x00000007b57b57b8,0x00000007b5a80000)
}
Event: 8626.301 GC heap before
{Heap before GC invocations=159 (full 34):
 PSYoungGen      total 313344K, used 293888K [0x00000007eaa80000, 0x00000007ff100000, 0x0000000800000000)
  eden space 293888K, 100% used [0x00000007eaa80000,0x00000007fc980000,0x00000007fc980000)
  from space 19456K, 0% used [0x00000007fdd00000,0x00000007fdd00000,0x00000007ff000000)
  to   space 19968K, 0% used [0x00000007fc980000,0x00000007fc980000,0x00000007fdd00000)
 ParOldGen       total 291328K, used 109993K [0x00000007c0000000, 0x00000007d1c80000, 0x00000007eaa80000)
  object space 291328K, 37% used [0x00000007c0000000,0x00000007c6b6a768,0x00000007d1c80000)
 PSPermGen       total 92672K, used 90302K [0x00000007b0000000, 0x00000007b5a80000, 0x00000007c0000000)
  object space 92672K, 97% used [0x00000007b0000000,0x00000007b582faa0,0x00000007b5a80000)
Event: 8626.352 GC heap after
Heap after GC invocations=159 (full 34):
 PSYoungGen      total 313856K, used 9112K [0x00000007eaa80000, 0x00000007ff180000, 0x0000000800000000)
  eden space 293888K, 0% used [0x00000007eaa80000,0x00000007eaa80000,0x00000007fc980000)
  from space 19968K, 45% used [0x00000007fc980000,0x00000007fd2660e8,0x00000007fdd00000)
  to   space 18944K, 0% used [0x00000007fdf00000,0x00000007fdf00000,0x00000007ff180000)
 ParOldGen       total 291328K, used 109993K [0x00000007c0000000, 0x00000007d1c80000, 0x00000007eaa80000)
  object space 291328K, 37% used [0x00000007c0000000,0x00000007c6b6a768,0x00000007d1c80000)
 PSPermGen       total 92672K, used 90302K [0x00000007b0000000, 0x00000007b5a80000, 0x00000007c0000000)
  object space 92672K, 97% used [0x00000007b0000000,0x00000007b582faa0,0x00000007b5a80000)
}

